Hmm ... looks like a package
Converting parsed Rd's to LaTeX ...
Creating pdf output from LaTeX ...
Error in texi2dvi(file = file, pdf = TRUE, clean = clean, quiet = quiet,  : 
  Running 'texi2dvi' on 'Rd2.tex' failed.
Messages:
/opt/R/arm64/bin/texi2dvi: makeindex failed
Output:
This is pdfTeX, Version 3.141592653-2.6-1.40.29 (TeX Live 2026) (preloaded format=pdflatex)
 restricted \write18 enabled.
entering extended mode
LaTeX2e <2025-11-01>
L3 programming layer <2026-01-19>
(./Rd2.tex
(/Users/kbarnatchez/Library/TinyTeX/texmf-dist/tex/latex/base/book.cls
Document Class: book 2025/01/22 v1.4n Standard LaTeX document class
(/Users/kbarnatchez/Library/TinyTeX/texmf-dist/tex/latex/base/bk10.clo)) (/Library/Frameworks/R.framework/Resources/share/texmf/tex/latex/Rd.sty (/Users/kbarnatchez/Library/TinyTeX/texmf-dist/tex/latex/base/ifthen.sty) (/Users/kbarnatchez/Library/TinyTeX/texmf-dist/tex/generic/iftex/iftex.sty) (/Users/kbarnatchez/Library/TinyTeX/texmf-dist/tex/latex/tools/longtable.sty) (/Users/kbarnatchez/Library/TinyTeX/texmf-dist/tex/latex/tools/bm.sty) (/Users/kbarnatchez/Library/TinyTeX/texmf-dist/tex/latex/base/alltt.sty) (/Users/kbarnatchez/Library/TinyTeX/texmf-dist/tex/latex/tools/verbatim.sty) (/Users/kbarnatchez/Library/TinyTeX/texmf-dist/tex/latex/url/url.sty) (/Users/kbarnatchez/Library/TinyTeX/texmf-dist/tex/latex/base/textcomp.sty) (/Users/kbarnatchez/Library/TinyTeX/texmf-dist/tex/latex/amsmath/amsmath.sty
For additional information on amsmath, use the `?' option.
(/Users/kbarnatchez/Library/TinyTeX/texmf-dist/tex/latex/amsmath/amstext.sty (/Users/kbarnatchez/Library/TinyTeX/texmf-dist/tex/latex/amsmath/amsgen.sty)) (/Users/kbarnatchez/Library/TinyTeX/texmf-dist/tex/latex/amsmath/amsbsy.sty) (/Users/kbarnatchez/Library/TinyTeX/texmf-dist/tex/latex/amsmath/amsopn.sty)) (/Users/kbarnatchez/Library/TinyTeX/texmf-dist/tex/latex/amsfonts/amsfonts.sty) (/Users/kbarnatchez/Library/TinyTeX/texmf-dist/tex/latex/amsfonts/amssymb.sty) (/Users/kbarnatchez/Library/TinyTeX/texmf-dist/tex/latex/amsfonts/eucal.sty) (/Users/kbarnatchez/Library/TinyTeX/texmf-dist/tex/latex/base/fontenc.sty) (/Users/kbarnatchez/Library/TinyTeX/texmf-dist/tex/latex/psnfss/times.sty) (/Users/kbarnatchez/Library/TinyTeX/texmf-dist/tex/latex/inconsolata/zi4.sty `inconsolata-zi4' v1.12, 2019/05/17 Text macros for Inconsolata (msharpe) (/Users/kbarnatchez/Library/TinyTeX/texmf-dist/tex/latex/xkeyval/xkeyval.sty (/Users/kbarnatchez/Library/TinyTeX/texmf-dist/tex/generic/xkeyval/xkeyval.tex (/Users/kbarnatchez/Library/TinyTeX/texmf-dist/tex/generic/xkeyval/xkvutils.tex (/Users/kbarnatchez/Library/TinyTeX/texmf-dist/tex/generic/xkeyval/keyval.tex))))) (/Users/kbarnatchez/Library/TinyTeX/texmf-dist/tex/latex/graphics/color.sty (/Users/kbarnatchez/Library/TinyTeX/texmf-dist/tex/latex/graphics-cfg/color.cfg) (/Users/kbarnatchez/Library/TinyTeX/texmf-dist/tex/latex/graphics-def/pdftex.def) (/Users/kbarnatchez/Library/TinyTeX/texmf-dist/tex/latex/graphics/mathcolor.ltx)) (/Users/kbarnatchez/Library/TinyTeX/texmf-dist/tex/latex/hyperref/hyperref.sty (/Users/kbarnatchez/Library/TinyTeX/texmf-dist/tex/latex/kvsetkeys/kvsetkeys.sty) (/Users/kbarnatchez/Library/TinyTeX/texmf-dist/tex/generic/kvdefinekeys/kvdefinekeys.sty) (/Users/kbarnatchez/Library/TinyTeX/texmf-dist/tex/generic/pdfescape/pdfescape.sty (/Users/kbarnatchez/Library/TinyTeX/texmf-dist/tex/generic/ltxcmds/ltxcmds.sty) (/Users/kbarnatchez/Library/TinyTeX/texmf-dist/tex/generic/pdftexcmds/pdftexcmds.sty (/Users/kbarnatchez/Library/TinyTeX/texmf-dist/tex/generic/infwarerr/infwarerr.sty))) (/Users/kbarnatchez/Library/TinyTeX/texmf-dist/tex/latex/hycolor/hycolor.sty) (/Users/kbarnatchez/Library/TinyTeX/texmf-dist/tex/latex/hyperref/nameref.sty (/Users/kbarnatchez/Library/TinyTeX/texmf-dist/tex/latex/refcount/refcount.sty) (/Users/kbarnatchez/Library/TinyTeX/texmf-dist/tex/generic/gettitlestring/gettitlestring.sty (/Users/kbarnatchez/Library/TinyTeX/texmf-dist/tex/latex/kvoptions/kvoptions.sty))) (/Users/kbarnatchez/Library/TinyTeX/texmf-dist/tex/latex/etoolbox/etoolbox.sty) (/Users/kbarnatchez/Library/TinyTeX/texmf-dist/tex/generic/stringenc/stringenc.sty) (/Users/kbarnatchez/Library/TinyTeX/texmf-dist/tex/latex/hyperref/pd1enc.def) (/Users/kbarnatchez/Library/TinyTeX/texmf-dist/tex/generic/intcalc/intcalc.sty) (/Users/kbarnatchez/Library/TinyTeX/texmf-dist/tex/latex/hyperref/puenc.def) (/Users/kbarnatchez/Library/TinyTeX/texmf-dist/tex/generic/bitset/bitset.sty (/Users/kbarnatchez/Library/TinyTeX/texmf-dist/tex/generic/bigintcalc/bigintcalc.sty))) (/Users/kbarnatchez/Library/TinyTeX/texmf-dist/tex/latex/hyperref/hpdftex.def (/Users/kbarnatchez/Library/TinyTeX/texmf-dist/tex/latex/rerunfilecheck/rerunfilecheck.sty (/Users/kbarnatchez/Library/TinyTeX/texmf-dist/tex/generic/uniquecounter/uniquecounter.sty)))) (/Users/kbarnatchez/Library/TinyTeX/texmf-dist/tex/latex/base/makeidx.sty)
Writing index file Rd2.idx
(/Users/kbarnatchez/Library/TinyTeX/texmf-dist/tex/latex/psnfss/t1ptm.fd) (/Users/kbarnatchez/Library/TinyTeX/texmf-dist/tex/latex/l3backend/l3backend-pdftex.def) (/private/var/folders/rb/5k8bb25j2811jxgh4bgt08180000gn/T/RtmpZFrDcv/Rd2pdf12dcb334c7c73/Rd2.aux) (/private/var/folders/rb/5k8bb25j2811jxgh4bgt08180000gn/T/RtmpZFrDcv/Rd2pdf12dcb334c7c73/Rd2.out) (/private/var/folders/rb/5k8bb25j2811jxgh4bgt08180000gn/T/RtmpZFrDcv/Rd2pdf12dcb334c7c73/Rd2.out) (/Users/kbarnatchez/Library/TinyTeX/texmf-dist/tex/latex/inconsolata/t1zi4.fd) (/Users/kbarnatchez/Library/TinyTeX/texmf-dist/tex/latex/amsfonts/umsa.fd) (/Users/kbarnatchez/Library/TinyTeX/texmf-dist/tex/latex/amsfonts/umsb.fd) (/private/var/folders/rb/5k8bb25j2811jxgh4bgt08180000gn/T/RtmpZFrDcv/Rd2pdf12dcb334c7c73/Rd2.toc [1{/Users/kbarnatchez/Library/TinyTeX/texmf-var/fonts/map/pdftex/updmap/pdftex.map}{/Users/kbarnatchez/Library/TinyTeX/texmf-dist/fonts/enc/dvips/base/8r.enc}{/Users/kbarnatchez/Library/TinyTeX/texmf-dist/fonts/enc/dvips/inconsolata/i4-t1-0.enc}]) [2] [3] [4] [5] [6]
Overfull \hbox (44.6379pt too wide) in paragraph at lines 323--325
[]\T1/ptm/m/n/10 Logical in-di-cat-ing whether to run cross-fitting folds in par-al-lel us-ing []\T1/zi4/m/n/10 parallel::mclapply[]\T1/ptm/m/n/10 .
[7] [8] [9] [10] (/Users/kbarnatchez/Library/TinyTeX/texmf-dist/tex/latex/inconsolata/ts1zi4.fd) [11] [12{/Users/kbarnatchez/Library/TinyTeX/texmf-dist/fonts/enc/dvips/inconsolata/i4-ts1.enc}] [13] [14] [15] [16] [17] [18] [19] [20] [21] [22] [23] [24] [25] [26] [27] [28]
No file Rd2.ind.
[29] (/private/var/folders/rb/5k8bb25j2811jxgh4bgt08180000gn/T/RtmpZFrDcv/Rd2pdf12dcb334c7c73/Rd2.aux) )
(see the transcript file for additional information)</Users/kbarnatchez/Library/TinyTeX/texmf-dist/fonts/type1/public/inconsolata/Inconsolata-zi4r.pfb></Users/kbarnatchez/Library/TinyTeX/texmf-dist/fonts/type1/urw/times/utmb8a.pfb></Users/kbarnatchez/Library/TinyTeX/texmf-dist/fonts/type1/urw/times/utmr8a.pfb></Users/kbarnatchez/Library/TinyTeX/texmf-dist/fonts/type1/urw/times/utmr8a.pfb></Users/kbarnatchez/Library/TinyTeX/texmf-dist/fonts/type1/urw/times/utmri8a.pfb>
Output written on Rd2.pdf (29 pages, 125906 bytes).
Transcript written on Rd2.log.
/opt/R/arm64/bin/texi2dvi: line 366: makeindex: command not found

This is pdfTeX, Version 3.141592653-2.6-1.40.29 (TeX Live 2026) (preloaded format=pdflatex)
 restricted \write18 enabled.
entering extended mode
LaTeX2e <2025-11-01>
L3 programming layer <2026-01-19>
(./Rd2.tex
(/Users/kbarnatchez/Library/TinyTeX/texmf-dist/tex/latex/base/book.cls
Document Class: book 2025/01/22 v1.4n Standard LaTeX document class
(/Users/kbarnatchez/Library/TinyTeX/texmf-dist/tex/latex/base/bk10.clo)) (/Library/Frameworks/R.framework/Resources/share/texmf/tex/latex/Rd.sty (/Users/kbarnatchez/Library/TinyTeX/texmf-dist/tex/latex/base/ifthen.sty) (/Users/kbarnatchez/Library/TinyTeX/texmf-dist/tex/generic/iftex/iftex.sty) (/Users/kbarnatchez/Library/TinyTeX/texmf-dist/tex/latex/tools/longtable.sty) (/Users/kbarnatchez/Library/TinyTeX/texmf-dist/tex/latex/tools/bm.sty) (/Users/kbarnatchez/Library/TinyTeX/texmf-dist/tex/latex/base/alltt.sty) (/Users/kbarnatchez/Library/TinyTeX/texmf-dist/tex/latex/tools/verbatim.sty) (/Users/kbarnatchez/Library/TinyTeX/texmf-dist/tex/latex/url/url.sty) (/Users/kbarnatchez/Library/TinyTeX/texmf-dist/tex/latex/base/textcomp.sty) (/Users/kbarnatchez/Library/TinyTeX/texmf-dist/tex/latex/amsmath/amsmath.sty
For additional information on amsmath, use the `?' option.
(/Users/kbarnatchez/Library/TinyTeX/texmf-dist/tex/latex/amsmath/amstext.sty (/Users/kbarnatchez/Library/TinyTeX/texmf-dist/tex/latex/amsmath/amsgen.sty)) (/Users/kbarnatchez/Library/TinyTeX/texmf-dist/tex/latex/amsmath/amsbsy.sty) (/Users/kbarnatchez/Library/TinyTeX/texmf-dist/tex/latex/amsmath/amsopn.sty)) (/Users/kbarnatchez/Library/TinyTeX/texmf-dist/tex/latex/amsfonts/amsfonts.sty) (/Users/kbarnatchez/Library/TinyTeX/texmf-dist/tex/latex/amsfonts/amssymb.sty) (/Users/kbarnatchez/Library/TinyTeX/texmf-dist/tex/latex/amsfonts/eucal.sty) (/Users/kbarnatchez/Library/TinyTeX/texmf-dist/tex/latex/base/fontenc.sty) (/Users/kbarnatchez/Library/TinyTeX/texmf-dist/tex/latex/psnfss/times.sty) (/Users/kbarnatchez/Library/TinyTeX/texmf-dist/tex/latex/inconsolata/zi4.sty `inconsolata-zi4' v1.12, 2019/05/17 Text macros for Inconsolata (msharpe) (/Users/kbarnatchez/Library/TinyTeX/texmf-dist/tex/latex/xkeyval/xkeyval.sty (/Users/kbarnatchez/Library/TinyTeX/texmf-dist/tex/generic/xkeyval/xkeyval.tex (/Users/kbarnatchez/Library/TinyTeX/texmf-dist/tex/generic/xkeyval/xkvutils.tex (/Users/kbarnatchez/Library/TinyTeX/texmf-dist/tex/generic/xkeyval/keyval.tex))))) (/Users/kbarnatchez/Library/TinyTeX/texmf-dist/tex/latex/graphics/color.sty (/Users/kbarnatchez/Library/TinyTeX/texmf-dist/tex/latex/graphics-cfg/color.cfg) (/Users/kbarnatchez/Library/TinyTeX/texmf-dist/tex/latex/graphics-def/pdftex.def) (/Users/kbarnatchez/Library/TinyTeX/texmf-dist/tex/latex/graphics/mathcolor.ltx)) (/Users/kbarnatchez/Library/TinyTeX/texmf-dist/tex/latex/hyperref/hyperref.sty (/Users/kbarnatchez/Library/TinyTeX/texmf-dist/tex/latex/kvsetkeys/kvsetkeys.sty) (/Users/kbarnatchez/Library/TinyTeX/texmf-dist/tex/generic/kvdefinekeys/kvdefinekeys.sty) (/Users/kbarnatchez/Library/TinyTeX/texmf-dist/tex/generic/pdfescape/pdfescape.sty (/Users/kbarnatchez/Library/TinyTeX/texmf-dist/tex/generic/ltxcmds/ltxcmds.sty) (/Users/kbarnatchez/Library/TinyTeX/texmf-dist/tex/generic/pdftexcmds/pdftexcmds.sty (/Users/kbarnatchez/Library/TinyTeX/texmf-dist/tex/generic/infwarerr/infwarerr.sty))) (/Users/kbarnatchez/Library/TinyTeX/texmf-dist/tex/latex/hycolor/hycolor.sty) (/Users/kbarnatchez/Library/TinyTeX/texmf-dist/tex/latex/hyperref/nameref.sty (/Users/kbarnatchez/Library/TinyTeX/texmf-dist/tex/latex/refcount/refcount.sty) (/Users/kbarnatchez/Library/TinyTeX/texmf-dist/tex/generic/gettitlestring/gettitlestring.sty (/Users/kbarnatchez/Library/TinyTeX/texmf-dist/tex/latex/kvoptions/kvoptions.sty))) (/Users/kbarnatchez/Library/TinyTeX/texmf-dist/tex/latex/etoolbox/etoolbox.sty) (/Users/kbarnatchez/Library/TinyTeX/texmf-dist/tex/generic/stringenc/stringenc.sty) (/Users/kbarnatchez/Library/TinyTeX/texmf-dist/tex/latex/hyperref/pd1enc.def) (/Users/kbarnatchez/Library/TinyTeX/texmf-dist/tex/generic/intcalc/intcalc.sty) (/Users/kbarnatchez/Library/TinyTeX/texmf-dist/tex/latex/hyperref/puenc.def) (/Users/kbarnatchez/Library/TinyTeX/texmf-dist/tex/generic/bitset/bitset.sty (/Users/kbarnatchez/Library/TinyTeX/texmf-dist/tex/generic/bigintcalc/bigintcalc.sty))) (/Users/kbarnatchez/Library/TinyTeX/texmf-dist/tex/latex/hyperref/hpdftex.def (/Users/kbarnatchez/Library/TinyTeX/texmf-dist/tex/latex/rerunfilecheck/rerunfilecheck.sty (/Users/kbarnatchez/Library/TinyTeX/texmf-dist/tex/generic/uniquecounter/uniquecounter.sty)))) (/Users/kbarnatchez/Library/TinyTeX/texmf-dist/tex/latex/base/makeidx.sty)
Writing index file Rd2.idx
(/Users/kbarnatchez/Library/TinyTeX/texmf-dist/tex/latex/psnfss/t1ptm.fd) (/Users/kbarnatchez/Library/TinyTeX/texmf-dist/tex/latex/l3backend/l3backend-pdftex.def) (/private/var/folders/rb/5k8bb25j2811jxgh4bgt08180000gn/T/RtmpZFrDcv/Rd2pdf12dcb334c7c73/Rd2.aux) (/private/var/folders/rb/5k8bb25j2811jxgh4bgt08180000gn/T/RtmpZFrDcv/Rd2pdf12dcb334c7c73/Rd2.out) (/private/var/folders/rb/5k8bb25j2811jxgh4bgt08180000gn/T/RtmpZFrDcv/Rd2pdf12dcb334c7c73/Rd2.out) (/Users/kbarnatchez/Library/TinyTeX/texmf-dist/tex/latex/inconsolata/t1zi4.fd) (/Users/kbarnatchez/Library/TinyTeX/texmf-dist/tex/latex/amsfonts/umsa.fd) (/Users/kbarnatchez/Library/TinyTeX/texmf-dist/tex/latex/amsfonts/umsb.fd) (/private/var/folders/rb/5k8bb25j2811jxgh4bgt08180000gn/T/RtmpZFrDcv/Rd2pdf12dcb334c7c73/Rd2.toc [1{/Users/kbarnatchez/Library/TinyTeX/texmf-var/fonts/map/pdftex/updmap/pdftex.map}{/Users/kbarnatchez/Library/TinyTeX/texmf-dist/fonts/enc/dvips/base/8r.enc}{/Users/kbarnatchez/Library/TinyTeX/texmf-dist/fonts/enc/dvips/inconsolata/i4-t1-0.enc}]) [2] [3] [4] [5] [6]
Overfull \hbox (44.6379pt too wide) in paragraph at lines 323--325
[]\T1/ptm/m/n/10 Logical in-di-cat-ing whether to run cross-fitting folds in par-al-lel us-ing []\T1/zi4/m/n/10 parallel::mclapply[]\T1/ptm/m/n/10 .
[7] [8] [9] [10] (/Users/kbarnatchez/Library/TinyTeX/texmf-dist/tex/latex/inconsolata/ts1zi4.fd) [11] [12{/Users/kbarnatchez/Library/TinyTeX/texmf-dist/fonts/enc/dvips/inconsolata/i4-ts1.enc}] [13] [14] [15] [16] [17] [18] [19] [20] [21] [22] [23] [24] [25] [26] [27] [28]
No file Rd2.ind.
[29] (/private/var/folders/rb/5k8bb25j2811jxgh4bgt08180000gn/T/RtmpZFrDcv/Rd2pdf12dcb334c7c73/Rd2.aux) )
(see the transcript file for additional information)</Users/kbarnatchez/Library/TinyTeX/texmf-dist/fonts/type1/public/inconsolata/Inconsolata-zi4r.pfb></Users/kbarnatchez/Library/TinyTeX/texmf-dist/fonts/type1/urw/times/utmb8a.pfb></Users/kbarnatchez/Library/TinyTeX/texmf-dist/fonts/type1/urw/times/utmr8a.pfb></Users/kbarnatchez/Library/TinyTeX/texmf-dist/fonts/type1/urw/times/utmr8a.pfb></Users/kbarnatchez/Library/TinyTeX/texmf-dist/fonts/type1/urw/times/utmri8a.pfb>
Output written on Rd2.pdf (29 pages, 125918 bytes).
Transcript written on Rd2.log.
Saving output to ‘drcmd-manual.pdf’ ...
Done
You may want to clean up by 'rm -Rf /var/folders/rb/5k8bb25j2811jxgh4bgt08180000gn/T//RtmpZFrDcv/Rd2pdf12dcb334c7c73'
